# JRE version: Java(TM) SE Runtime Environment (8.0_181-b13) (build 1.8.0_181-b13)
# Java VM: Java HotSpot(TM) 64-Bit Server VM (25.181-b13 mixed mode windows-amd64 compressed oops)
Heap:
 PSYoungGen      total 18944K, used 16768K [0x00000000eb400000, 0x00000000ec900000, 0x0000000100000000)
  eden space 16384K, 86% used [0x00000000eb400000,0x00000000ec1e4c68,0x00000000ec400000)
  from space 2560K, 99% used [0x00000000ec400000,0x00000000ec67b560,0x00000000ec680000)
  to   space 2560K, 0% used [0x00000000ec680000,0x00000000ec680000,0x00000000ec900000)
 ParOldGen       total 44032K, used 7006K [0x00000000c1c00000, 0x00000000c4700000, 0x00000000eb400000)
  object space 44032K, 15% used [0x00000000c1c00000,0x00000000c22d7a08,0x00000000c4700000)
 Metaspace       used 16915K, capacity 17368K, committed 17536K, reserved 1064960K
  class space    used 2272K, capacity 2396K, committed 2432K, reserved 1048576K
GC Heap History (10 events):
Event: 0.801 GC heap before
{Heap before GC invocations=3 (full 0):
 PSYoungGen      total 18944K, used 18888K [0x00000000eb400000, 0x00000000ec900000, 0x0000000100000000)
  eden space 16384K, 99% used [0x00000000eb400000,0x00000000ec3f69b8,0x00000000ec400000)
  from space 2560K, 99% used [0x00000000ec680000,0x00000000ec8fba08,0x00000000ec900000)
  to   space 2560K, 0% used [0x00000000ec400000,0x00000000ec400000,0x00000000ec680000)
 ParOldGen       total 44032K, used 812K [0x00000000c1c00000, 0x00000000c4700000, 0x00000000eb400000)
  object space 44032K, 1% used [0x00000000c1c00000,0x00000000c1ccb348,0x00000000c4700000)
 Metaspace       used 9900K, capacity 10100K, committed 10240K, reserved 1058816K
  class space    used 1185K, capacity 1260K, committed 1280K, reserved 1048576K
Event: 0.804 GC heap after
Heap after GC invocations=3 (full 0):
 PSYoungGen      total 18944K, used 2385K [0x00000000eb400000, 0x00000000ec900000, 0x0000000100000000)
  eden space 16384K, 0% used [0x00000000eb400000,0x00000000eb400000,0x00000000ec400000)
  from space 2560K, 93% used [0x00000000ec400000,0x00000000ec654770,0x00000000ec680000)
  to   space 2560K, 0% used [0x00000000ec680000,0x00000000ec680000,0x00000000ec900000)
 ParOldGen       total 44032K, used 812K [0x00000000c1c00000, 0x00000000c4700000, 0x00000000eb400000)
  object space 44032K, 1% used [0x00000000c1c00000,0x00000000c1ccb348,0x00000000c4700000)
 Metaspace       used 9900K, capacity 10100K, committed 10240K, reserved 1058816K
  class space    used 1185K, capacity 1260K, committed 1280K, reserved 1048576K
}
Event: 0.921 GC heap before
{Heap before GC invocations=4 (full 0):
 PSYoungGen      total 18944K, used 18769K [0x00000000eb400000, 0x00000000ec900000, 0x0000000100000000)
  eden space 16384K, 100% used [0x00000000eb400000,0x00000000ec400000,0x00000000ec400000)
  from space 2560K, 93% used [0x00000000ec400000,0x00000000ec654770,0x00000000ec680000)
  to   space 2560K, 0% used [0x00000000ec680000,0x00000000ec680000,0x00000000ec900000)
 ParOldGen       total 44032K, used 812K [0x00000000c1c00000, 0x00000000c4700000, 0x00000000eb400000)
  object space 44032K, 1% used [0x00000000c1c00000,0x00000000c1ccb348,0x00000000c4700000)
 Metaspace       used 11311K, capacity 11516K, committed 11776K, reserved 1058816K
  class space    used 1387K, capacity 1451K, committed 1536K, reserved 1048576K
Event: 0.925 GC heap after
Heap after GC invocations=4 (full 0):
 PSYoungGen      total 18944K, used 2549K [0x00000000eb400000, 0x00000000ec900000, 0x0000000100000000)
  eden space 16384K, 0% used [0x00000000eb400000,0x00000000eb400000,0x00000000ec400000)
  from space 2560K, 99% used [0x00000000ec680000,0x00000000ec8fd638,0x00000000ec900000)
  to   space 2560K, 0% used [0x00000000ec400000,0x00000000ec400000,0x00000000ec680000)
 ParOldGen       total 44032K, used 2218K [0x00000000c1c00000, 0x00000000c4700000, 0x00000000eb400000)
  object space 44032K, 5% used [0x00000000c1c00000,0x00000000c1e2a820,0x00000000c4700000)
 Metaspace       used 11311K, capacity 11516K, committed 11776K, reserved 1058816K
  class space    used 1387K, capacity 1451K, committed 1536K, reserved 1048576K
}
Event: 1.011 GC heap before
{Heap before GC invocations=5 (full 0):
 PSYoungGen      total 18944K, used 18933K [0x00000000eb400000, 0x00000000ec900000, 0x0000000100000000)
  eden space 16384K, 100% used [0x00000000eb400000,0x00000000ec400000,0x00000000ec400000)
  from space 2560K, 99% used [0x00000000ec680000,0x00000000ec8fd638,0x00000000ec900000)
  to   space 2560K, 0% used [0x00000000ec400000,0x00000000ec400000,0x00000000ec680000)
 ParOldGen       total 44032K, used 2218K [0x00000000c1c00000, 0x00000000c4700000, 0x00000000eb400000)
  object space 44032K, 5% used [0x00000000c1c00000,0x00000000c1e2a820,0x00000000c4700000)
 Metaspace       used 13117K, capacity 13432K, committed 13568K, reserved 1060864K
  class space    used 1629K, capacity 1721K, committed 1792K, reserved 1048576K
Event: 1.015 GC heap after
Heap after GC invocations=5 (full 0):
 PSYoungGen      total 18944K, used 2549K [0x00000000eb400000, 0x00000000ec900000, 0x0000000100000000)
  eden space 16384K, 0% used [0x00000000eb400000,0x00000000eb400000,0x00000000ec400000)
  from space 2560K, 99% used [0x00000000ec400000,0x00000000ec67d638,0x00000000ec680000)
  to   space 2560K, 0% used [0x00000000ec680000,0x00000000ec680000,0x00000000ec900000)
 ParOldGen       total 44032K, used 3906K [0x00000000c1c00000, 0x00000000c4700000, 0x00000000eb400000)
  object space 44032K, 8% used [0x00000000c1c00000,0x00000000c1fd0b28,0x00000000c4700000)
 Metaspace       used 13117K, capacity 13432K, committed 13568K, reserved 1060864K
  class space    used 1629K, capacity 1721K, committed 1792K, reserved 1048576K
}
Event: 1.097 GC heap before
{Heap before GC invocations=6 (full 0):
 PSYoungGen      total 18944K, used 18933K [0x00000000eb400000, 0x00000000ec900000, 0x0000000100000000)
  eden space 16384K, 100% used [0x00000000eb400000,0x00000000ec400000,0x00000000ec400000)
  from space 2560K, 99% used [0x00000000ec400000,0x00000000ec67d638,0x00000000ec680000)
  to   space 2560K, 0% used [0x00000000ec680000,0x00000000ec680000,0x00000000ec900000)
 ParOldGen       total 44032K, used 3906K [0x00000000c1c00000, 0x00000000c4700000, 0x00000000eb400000)
  object space 44032K, 8% used [0x00000000c1c00000,0x00000000c1fd0b28,0x00000000c4700000)
 Metaspace       used 14718K, capacity 15142K, committed 15360K, reserved 1062912K
  class space    used 1922K, capacity 2045K, committed 2048K, reserved 1048576K
Event: 1.101 GC heap after
Heap after GC invocations=6 (full 0):
 PSYoungGen      total 18944K, used 2549K [0x00000000eb400000, 0x00000000ec900000, 0x0000000100000000)
  eden space 16384K, 0% used [0x00000000eb400000,0x00000000eb400000,0x00000000ec400000)
  from space 2560K, 99% used [0x00000000ec680000,0x00000000ec8fd638,0x00000000ec900000)
  to   space 2560K, 0% used [0x00000000ec400000,0x00000000ec400000,0x00000000ec680000)
 ParOldGen       total 44032K, used 5486K [0x00000000c1c00000, 0x00000000c4700000, 0x00000000eb400000)
  object space 44032K, 12% used [0x00000000c1c00000,0x00000000c215bae0,0x00000000c4700000)
 Metaspace       used 14718K, capacity 15142K, committed 15360K, reserved 1062912K
  class space    used 1922K, capacity 2045K, committed 2048K, reserved 1048576K
}
Event: 1.160 GC heap before
{Heap before GC invocations=7 (full 0):
 PSYoungGen      total 18944K, used 18933K [0x00000000eb400000, 0x00000000ec900000, 0x0000000100000000)
  eden space 16384K, 100% used [0x00000000eb400000,0x00000000ec400000,0x00000000ec400000)
  from space 2560K, 99% used [0x00000000ec680000,0x00000000ec8fd638,0x00000000ec900000)
  to   space 2560K, 0% used [0x00000000ec400000,0x00000000ec400000,0x00000000ec680000)
 ParOldGen       total 44032K, used 5486K [0x00000000c1c00000, 0x00000000c4700000, 0x00000000eb400000)
  object space 44032K, 12% used [0x00000000c1c00000,0x00000000c215bae0,0x00000000c4700000)
 Metaspace       used 15752K, capacity 16184K, committed 16384K, reserved 1062912K
  class space    used 2110K, capacity 2244K, committed 2304K, reserved 1048576K
Event: 1.164 GC heap after
Heap after GC invocations=7 (full 0):
 PSYoungGen      total 18944K, used 2541K [0x00000000eb400000, 0x00000000ec900000, 0x0000000100000000)
  eden space 16384K, 0% used [0x00000000eb400000,0x00000000eb400000,0x00000000ec400000)
  from space 2560K, 99% used [0x00000000ec400000,0x00000000ec67b560,0x00000000ec680000)
  to   space 2560K, 0% used [0x00000000ec680000,0x00000000ec680000,0x00000000ec900000)
 ParOldGen       total 44032K, used 7006K [0x00000000c1c00000, 0x00000000c4700000, 0x00000000eb400000)
  object space 44032K, 15% used [0x00000000c1c00000,0x00000000c22d7a08,0x00000000c4700000)
 Metaspace       used 15752K, capacity 16184K, committed 16384K, reserved 1062912K
  class space    used 2110K, capacity 2244K, committed 2304K, reserved 1048576K
}

